CMake Deprecation Warning at CMakeLists.txt:8 (cmake_policy):
  The OLD behavior for policy CMP0072 will be removed from a future version
  of CMake.

  The cmake-policies(7) manual explains that the OLD behaviors of all
  policies are deprecated and that a policy should be set to OLD only under
  specific short-term circumstances.  Projects should be ported to the NEW
  behavior and not rely on setting a policy to OLD.


-- The C compiler identification is GNU 11.1.0
-- The CXX compiler identification is GNU 11.1.0
-- Detecting C compiler ABI info
-- Detecting C compiler ABI info - done
-- Check for working C compiler: /usr/sbin/cc - skipped
-- Detecting C compile features
-- Detecting C compile features - done
-- Detecting CXX compiler ABI info
-- Detecting CXX compiler ABI info - done
-- Check for working CXX compiler: /usr/sbin/c++ - skipped
-- Detecting CXX compile features
-- Detecting CXX compile features - done
-- Compiler: GNU, version: 11.1.0
-- Looking for GL/gl.h
-- Looking for GL/gl.h - found
-- Looking for C++ include istream
-- Looking for C++ include istream - found
-- Looking for C++ include ostream
-- Looking for C++ include ostream - found
-- Looking for C++ include fstream
-- Looking for C++ include fstream - found
-- Looking for C++ include sstream
-- Looking for C++ include sstream - found
-- Looking for C++ include ios
-- Looking for C++ include ios - found
-- Looking for C++ include iostream
-- Looking for C++ include iostream - found
-- Looking for C++ include iomanip
-- Looking for C++ include iomanip - found
-- Looking for C++ include iostream
-- Looking for C++ include iostream - found
-- Check for STD namespace
-- Check for STD namespace - found
-- prefix: /usr/local
-- bindir: bin
-- datadir: share
-- docdir: share/doc/FreeCAD
-- includedir: include
-- libdir: lib
-- cmake: 3.20.5
-- Found Doxygen: /usr/sbin/doxygen (found version "1.9.1") found components: doxygen missing components: dot
-- Found Python3: /usr/sbin/python3.9 (found version "3.9.5") found components: Interpreter Development Development.Module Development.Embed 
-- Found XercesC: /usr/lib/libxerces-c.so (found version "3.2.3") 
-- Found ZLIB: /usr/lib/libz.so (found version "1.2.11") 
-- PyCXX found:
--   Headers:  /builds/freecad-source/src
--   Sources:  /builds/freecad-source/src/CXX
--   Version:  6.2.8
CMake Warning (dev) at /usr/share/cmake-3.20/Modules/FindPackageHandleStandardArgs.cmake:438 (message):
  The package name passed to `find_package_handle_standard_args` (OCC) does
  not match the name of the calling package (OpenCasCade).  This can lead to
  problems in calling code that expects `find_package` result variables
  (e.g., `_FOUND`) to follow a certain pattern.
Call Stack (most recent call first):
  cMake/FindOpenCasCade.cmake:120 (FIND_PACKAGE_HANDLE_STANDARD_ARGS)
  cMake/FreeCAD_Helpers/SetupOpenCasCade.cmake:4 (find_package)
  CMakeLists.txt:51 (SetupOpenCasCade)
This warning is for project developers.  Use -Wno-dev to suppress it.

-- Found OCC: /usr/include/opencascade (found version "7.5.0") 
-- -- Found OCE/OpenCASCADE version: 7.5.0
-- -- OCE/OpenCASCADE include directory: /usr/include/opencascade
-- -- OCE/OpenCASCADE shared libraries directory: /usr/lib
-- Found OpenGL: /usr/lib/libOpenGL.so   
-- Found OpenGLU: /usr/lib/libGLU.so
-- VTK components: vtkCommonCore;vtkCommonDataModel;vtkFiltersVerdict;vtkIOXML;vtkFiltersCore;vtkFiltersGeneral;vtkIOLegacy;vtkFiltersExtraction;vtkFiltersSources;vtkFiltersGeometry;vtkIOMPIParallel;vtkParallelMPI;vtkhdf5;vtkFiltersParallelDIY2;vtkRenderingCore;vtkInteractionStyle;vtkRenderingFreeType;vtkRenderingOpenGL2
-- Check for medfile (libmed and libmedc) ...
-- Found MEDFile: /usr/include  
-- Could NOT find PkgConfig (missing: PKG_CONFIG_EXECUTABLE) 
-- We guess that libmed was built using hdf5-serial version
-- Checking for one of the modules 'hdf5-serial'
-- Found HDF5: /usr/lib/libhdf5.so;/usr/lib/libsz.so;/usr/lib/libz.so;/usr/lib/libdl.so;/usr/lib/libm.so (found version "1.12.0")  
-- Checking for one of the modules 'ompi-cxx'
CMake Warning at cMake/FreeCAD_Helpers/SetupSalomeSMESH.cmake:104 (message):
  ompi-cxx was not found.  Check for error above.
Call Stack (most recent call first):
  CMakeLists.txt:58 (SetupSalomeSMESH)


-- Found Boost: /usr/lib64/cmake/Boost-1.76.0/BoostConfig.cmake (found suitable version "1.76.0", minimum required is "1.55") found components: filesystem program_options regex system thread 
-- Found SWIG: /usr/sbin/swig (found version "4.0.2")  
-- Found Eigen3: /usr/include/eigen3 (found suitable version "3.3.9", minimum required is "2.91.0") 
-- Found Threads: TRUE  
-- Found Freetype: /usr/lib/libfreetype.so (found version "2.10.4") 
-- Could NOT find PkgConfig (missing: PKG_CONFIG_EXECUTABLE) 
-- Coin3D libraries found
-- Found Spnav: /usr/lib/libspnav.so  
-- Shiboken2Config: Using default python: .cpython-39-x86_64-linux-gnu
-- Found PythonInterp: /usr/sbin/python3.9 (found suitable version "3.9.5", minimum required is "3") 
-- Found PythonLibs: /usr/lib/libpython3.9.so (found suitable version "3.9.5", minimum required is "3") 
-- SHIBOKEN_PYTHON_INCLUDE_DIRS computed to value: '/usr/include/python3.9'
-- SHIBOKEN_PYTHON_LIBRARIES computed to value: ''
-- libshiboken built for Release
-- PYTHON_CONFIG_SUFFIX: .cpython-39-x86_64-linux-gnu
-- libshiboken built for Release
-- ===============================================
PySide2 Python module found at /usr/lib/python3.9/site-packages/PySide2.
===============================================

-- Found Matplotlib: /usr/lib/python3.9/site-packages/matplotlib (found version "3.4.2")
-- Platform is 64-bit, set -D_OCC64
-- Performing Test _flag_found
-- Performing Test _flag_found - Success
-- /builds/build-arch/src/Base/TypePy.cpp
-- /builds/build-arch/src/Base/BaseClassPy.cpp
-- /builds/build-arch/src/Base/BoundBoxPy.cpp
-- /builds/build-arch/src/Base/CoordinateSystemPy.cpp
-- /builds/build-arch/src/Base/PersistencePy.cpp
-- /builds/build-arch/src/Base/VectorPy.cpp
-- /builds/build-arch/src/Base/MatrixPy.cpp
-- /builds/build-arch/src/Base/RotationPy.cpp
-- /builds/build-arch/src/Base/PlacementPy.cpp
-- /builds/build-arch/src/Base/AxisPy.cpp
-- /builds/build-arch/src/Base/UnitPy.cpp
-- /builds/build-arch/src/Base/QuantityPy.cpp
-- /builds/build-arch/src/App/DocumentPy.cpp
-- /builds/build-arch/src/App/DocumentObjectPy.cpp
-- /builds/build-arch/src/App/ExtensionPy.cpp
-- /builds/build-arch/src/App/ExtensionContainerPy.cpp
-- /builds/build-arch/src/App/DocumentObjectExtensionPy.cpp
-- /builds/build-arch/src/App/GroupExtensionPy.cpp
-- /builds/build-arch/src/App/LinkBaseExtensionPy.cpp
-- /builds/build-arch/src/App/DocumentObjectGroupPy.cpp
-- /builds/build-arch/src/App/GeoFeaturePy.cpp
-- /builds/build-arch/src/App/GeoFeatureGroupExtensionPy.cpp
-- /builds/build-arch/src/App/OriginGroupExtensionPy.cpp
-- /builds/build-arch/src/App/PartPy.cpp
-- /builds/build-arch/src/App/ComplexGeoDataPy.cpp
-- /builds/build-arch/src/App/PropertyContainerPy.cpp
-- /builds/build-arch/src/App/MaterialPy.cpp
-- /builds/build-arch/src/Mod/Points/App/PointsPy.cpp
-- /builds/build-arch/src/Mod/Mesh/App/FacetPy.cpp
-- /builds/build-arch/src/Mod/Mesh/App/MeshFeaturePy.cpp
-- /builds/build-arch/src/Mod/Mesh/App/MeshPointPy.cpp
-- /builds/build-arch/src/Mod/Mesh/App/MeshPy.cpp
-- /builds/build-arch/src/Mod/Mesh/Gui/ViewProviderMeshPy.cpp
-- /builds/build-arch/src/Mod/Part/App/ArcPy.cpp
-- /builds/build-arch/src/Mod/Part/App/ArcOfConicPy.cpp
-- /builds/build-arch/src/Mod/Part/App/ArcOfCirclePy.cpp
-- /builds/build-arch/src/Mod/Part/App/ArcOfParabolaPy.cpp
-- /builds/build-arch/src/Mod/Part/App/BodyBasePy.cpp
-- /builds/build-arch/src/Mod/Part/App/ConicPy.cpp
-- /builds/build-arch/src/Mod/Part/App/CirclePy.cpp
-- /builds/build-arch/src/Mod/Part/App/ArcOfEllipsePy.cpp
-- /builds/build-arch/src/Mod/Part/App/EllipsePy.cpp
-- /builds/build-arch/src/Mod/Part/App/HyperbolaPy.cpp
-- /builds/build-arch/src/Mod/Part/App/ArcOfHyperbolaPy.cpp
-- /builds/build-arch/src/Mod/Part/App/ParabolaPy.cpp
-- /builds/build-arch/src/Mod/Part/App/OffsetCurvePy.cpp
-- /builds/build-arch/src/Mod/Part/App/GeometryPy.cpp
-- /builds/build-arch/src/Mod/Part/App/GeometryExtensionPy.cpp
-- /builds/build-arch/src/Mod/Part/App/GeometryIntExtensionPy.cpp
-- /builds/build-arch/src/Mod/Part/App/GeometryStringExtensionPy.cpp
-- /builds/build-arch/src/Mod/Part/App/GeometryBoolExtensionPy.cpp
-- /builds/build-arch/src/Mod/Part/App/GeometryDoubleExtensionPy.cpp
-- /builds/build-arch/src/Mod/Part/App/GeometryCurvePy.cpp
-- /builds/build-arch/src/Mod/Part/App/BoundedCurvePy.cpp
-- /builds/build-arch/src/Mod/Part/App/TrimmedCurvePy.cpp
-- /builds/build-arch/src/Mod/Part/App/GeometrySurfacePy.cpp
-- /builds/build-arch/src/Mod/Part/App/LinePy.cpp
-- /builds/build-arch/src/Mod/Part/App/LineSegmentPy.cpp
-- /builds/build-arch/src/Mod/Part/App/PointPy.cpp
-- /builds/build-arch/src/Mod/Part/App/BezierCurvePy.cpp
-- /builds/build-arch/src/Mod/Part/App/BSplineCurvePy.cpp
-- /builds/build-arch/src/Mod/Part/App/PlanePy.cpp
-- /builds/build-arch/src/Mod/Part/App/ConePy.cpp
-- /builds/build-arch/src/Mod/Part/App/CylinderPy.cpp
-- /builds/build-arch/src/Mod/Part/App/SpherePy.cpp
-- /builds/build-arch/src/Mod/Part/App/ToroidPy.cpp
-- /builds/build-arch/src/Mod/Part/App/BezierSurfacePy.cpp
-- /builds/build-arch/src/Mod/Part/App/BSplineSurfacePy.cpp
-- /builds/build-arch/src/Mod/Part/App/OffsetSurfacePy.cpp
-- /builds/build-arch/src/Mod/Part/App/PlateSurfacePy.cpp
-- /builds/build-arch/src/Mod/Part/App/RectangularTrimmedSurfacePy.cpp
-- /builds/build-arch/src/Mod/Part/App/SurfaceOfExtrusionPy.cpp
-- /builds/build-arch/src/Mod/Part/App/SurfaceOfRevolutionPy.cpp
-- /builds/build-arch/src/Mod/Part/App/PartFeaturePy.cpp
-- /builds/build-arch/src/Mod/Part/App/AttachExtensionPy.cpp
-- /builds/build-arch/src/Mod/Part/App/Part2DObjectPy.cpp
-- /builds/build-arch/src/Mod/Part/App/AttachEnginePy.cpp
-- /builds/build-arch/src/Mod/Part/App/TopoShapePy.cpp
-- /builds/build-arch/src/Mod/Part/App/TopoShapeCompoundPy.cpp
-- /builds/build-arch/src/Mod/Part/App/TopoShapeCompSolidPy.cpp
-- /builds/build-arch/src/Mod/Part/App/TopoShapeEdgePy.cpp
-- /builds/build-arch/src/Mod/Part/App/TopoShapeFacePy.cpp
-- /builds/build-arch/src/Mod/Part/App/TopoShapeShellPy.cpp
-- /builds/build-arch/src/Mod/Part/App/TopoShapeSolidPy.cpp
-- /builds/build-arch/src/Mod/Part/App/TopoShapeVertexPy.cpp
-- /builds/build-arch/src/Mod/Part/App/TopoShapeWirePy.cpp
-- /builds/build-arch/src/Mod/Part/App/BRepOffsetAPI_MakePipeShellPy.cpp
-- /builds/build-arch/src/Mod/Part/App/BRepOffsetAPI_MakeFillingPy.cpp
-- /builds/build-arch/src/Mod/Part/App/BRepFeat/MakePrismPy.cpp
-- /builds/build-arch/src/Mod/Part/App/Geom2d/ArcOfCircle2dPy.cpp
-- /builds/build-arch/src/Mod/Part/App/Geom2d/ArcOfConic2dPy.cpp
-- /builds/build-arch/src/Mod/Part/App/Geom2d/ArcOfEllipse2dPy.cpp
-- /builds/build-arch/src/Mod/Part/App/Geom2d/ArcOfHyperbola2dPy.cpp
-- /builds/build-arch/src/Mod/Part/App/Geom2d/ArcOfParabola2dPy.cpp
-- /builds/build-arch/src/Mod/Part/App/Geom2d/BezierCurve2dPy.cpp
-- /builds/build-arch/src/Mod/Part/App/Geom2d/BSplineCurve2dPy.cpp
-- /builds/build-arch/src/Mod/Part/App/Geom2d/Circle2dPy.cpp
-- /builds/build-arch/src/Mod/Part/App/Geom2d/Conic2dPy.cpp
-- /builds/build-arch/src/Mod/Part/App/Geom2d/Ellipse2dPy.cpp
-- /builds/build-arch/src/Mod/Part/App/Geom2d/Geometry2dPy.cpp
-- /builds/build-arch/src/Mod/Part/App/Geom2d/Hyperbola2dPy.cpp
-- /builds/build-arch/src/Mod/Part/App/Geom2d/Curve2dPy.cpp
-- /builds/build-arch/src/Mod/Part/App/Geom2d/Line2dSegmentPy.cpp
-- /builds/build-arch/src/Mod/Part/App/Geom2d/Line2dPy.cpp
-- /builds/build-arch/src/Mod/Part/App/Geom2d/OffsetCurve2dPy.cpp
-- /builds/build-arch/src/Mod/Part/App/Geom2d/Parabola2dPy.cpp
-- /builds/build-arch/src/Mod/Part/App/GeomPlate/BuildPlateSurfacePy.cpp
-- /builds/build-arch/src/Mod/Part/App/GeomPlate/CurveConstraintPy.cpp
-- /builds/build-arch/src/Mod/Part/App/GeomPlate/PointConstraintPy.cpp
-- /builds/build-arch/src/Mod/Part/App/ShapeUpgrade/UnifySameDomainPy.cpp
-- /builds/build-arch/src/Mod/PartDesign/App/BodyPy.cpp
-- /builds/build-arch/src/Mod/PartDesign/App/FeaturePy.cpp
-- /builds/build-arch/src/Mod/PartDesign/Gui/ViewProviderPy.cpp
-- /builds/build-arch/src/Mod/Sketcher/App/SketchObjectSFPy.cpp
-- /builds/build-arch/src/Mod/Sketcher/App/SketchObjectPy.cpp
-- /builds/build-arch/src/Mod/Sketcher/App/SketchGeometryExtensionPy.cpp
-- /builds/build-arch/src/Mod/Sketcher/App/ExternalGeometryExtensionPy.cpp
-- /builds/build-arch/src/Mod/Sketcher/App/GeometryFacadePy.cpp
-- /builds/build-arch/src/Mod/Sketcher/App/ExternalGeometryFacadePy.cpp
-- /builds/build-arch/src/Mod/Sketcher/App/ConstraintPy.cpp
-- /builds/build-arch/src/Mod/Sketcher/App/SketchPy.cpp
-- /builds/build-arch/src/Mod/Robot/App/Robot6AxisPy.cpp
-- /builds/build-arch/src/Mod/Robot/App/TrajectoryPy.cpp
-- /builds/build-arch/src/Mod/Robot/App/WaypointPy.cpp
-- /builds/build-arch/src/Mod/Robot/App/RobotObjectPy.cpp
-- Performing Test _flag_found
-- Performing Test _flag_found - Success
-- Performing Test _flag_found
-- Performing Test _flag_found - Success
-- /builds/build-arch/src/Mod/Import/App/StepShapePy.cpp
-- /builds/build-arch/src/Mod/Fem/App/FemMeshPy.cpp
-- /builds/build-arch/src/Mod/Fem/App/FemPostPipelinePy.cpp
-- /builds/build-arch/src/Mod/Fem/Gui/ViewProviderFemMeshPy.cpp
-- /builds/build-arch/src/Mod/Spreadsheet/App/SheetPy.cpp
-- /builds/build-arch/src/Mod/Spreadsheet/App/PropertySheetPy.cpp
-- /builds/build-arch/src/Mod/Spreadsheet/App/PropertyColumnWidthsPy.cpp
-- /builds/build-arch/src/Mod/Spreadsheet/App/PropertyRowHeightsPy.cpp
-- /builds/build-arch/src/Mod/Spreadsheet/Gui/SpreadsheetViewPy.cpp
-- /builds/build-arch/src/Mod/Path/App/CommandPy.cpp
-- /builds/build-arch/src/Mod/Path/App/PathPy.cpp
-- /builds/build-arch/src/Mod/Path/App/ToolPy.cpp
-- /builds/build-arch/src/Mod/Path/App/TooltablePy.cpp
-- /builds/build-arch/src/Mod/Path/App/FeaturePathCompoundPy.cpp
-- /builds/build-arch/src/Mod/Path/App/AreaPy.cpp
-- /builds/build-arch/src/Mod/Path/App/FeatureAreaPy.cpp
-- /builds/build-arch/src/Mod/Path/App/VoronoiPy.cpp
-- /builds/build-arch/src/Mod/Path/App/VoronoiCellPy.cpp
-- /builds/build-arch/src/Mod/Path/App/VoronoiEdgePy.cpp
-- /builds/build-arch/src/Mod/Path/App/VoronoiVertexPy.cpp
-- setting gcc options: -Wall -Werror -Wno-deprecated -pedantic-errors
-- Found Boost: /usr/lib64/cmake/Boost-1.76.0/BoostConfig.cmake (found version "1.76.0") found components: python39 
-- found Boost: 1_76
-- boost-incude dirs are: /usr/include
-- boost-python lib is: 
-- boost_LIBRARY_DIRS is: /usr/lib
-- Boost_LIBRARIES is: Boost::python
-- area module (for Path Workbench) will be installed to: lib
-- /builds/build-arch/src/Mod/Path/PathSimulator/App/PathSimPy.cpp
-- /builds/build-arch/src/Mod/Measure/App/MeasurementPy.cpp
-- /builds/build-arch/src/Mod/TechDraw/App/DrawPagePy.cpp
-- /builds/build-arch/src/Mod/TechDraw/App/DrawViewPy.cpp
-- /builds/build-arch/src/Mod/TechDraw/App/DrawViewPartPy.cpp
-- /builds/build-arch/src/Mod/TechDraw/App/DrawViewSymbolPy.cpp
-- /builds/build-arch/src/Mod/TechDraw/App/DrawTemplatePy.cpp
-- /builds/build-arch/src/Mod/TechDraw/App/DrawParametricTemplatePy.cpp
-- /builds/build-arch/src/Mod/TechDraw/App/DrawSVGTemplatePy.cpp
-- /builds/build-arch/src/Mod/TechDraw/App/DrawViewClipPy.cpp
-- /builds/build-arch/src/Mod/TechDraw/App/DrawViewDimensionPy.cpp
-- /builds/build-arch/src/Mod/TechDraw/App/DrawViewDimExtentPy.cpp
-- /builds/build-arch/src/Mod/TechDraw/App/DrawHatchPy.cpp
-- /builds/build-arch/src/Mod/TechDraw/App/DrawGeomHatchPy.cpp
-- /builds/build-arch/src/Mod/TechDraw/App/DrawViewCollectionPy.cpp
-- /builds/build-arch/src/Mod/TechDraw/App/DrawProjGroupPy.cpp
-- /builds/build-arch/src/Mod/TechDraw/App/DrawProjGroupItemPy.cpp
-- /builds/build-arch/src/Mod/TechDraw/App/DrawViewAnnotationPy.cpp
-- /builds/build-arch/src/Mod/TechDraw/App/DrawLeaderLinePy.cpp
-- /builds/build-arch/src/Mod/TechDraw/App/DrawRichAnnoPy.cpp
-- /builds/build-arch/src/Mod/TechDraw/App/GeomFormatPy.cpp
-- /builds/build-arch/src/Mod/TechDraw/App/CenterLinePy.cpp
-- /builds/build-arch/src/Mod/TechDraw/App/CosmeticEdgePy.cpp
-- /builds/build-arch/src/Mod/TechDraw/App/CosmeticVertexPy.cpp
-- /builds/build-arch/src/Mod/TechDraw/App/DrawTilePy.cpp
-- /builds/build-arch/src/Mod/TechDraw/App/DrawTileWeldPy.cpp
-- /builds/build-arch/src/Mod/TechDraw/App/DrawWeldSymbolPy.cpp
-- /builds/build-arch/src/Mod/TechDraw/App/CosmeticExtensionPy.cpp
-- /builds/build-arch/src/Mod/TechDraw/Gui/MDIViewPagePy.cpp
Created file /builds/build-arch/share/doc/FreeCAD/freecad.qch
-- Note: Doxygen docs will look better with graphviz's dot installed.
-- Coin3D doc is not installed
-- /builds/build-arch/src/Gui/DocumentPy.cpp
-- /builds/build-arch/src/Gui/PythonWorkbenchPy.cpp
-- /builds/build-arch/src/Gui/ViewProviderPy.cpp
-- /builds/build-arch/src/Gui/ViewProviderDocumentObjectPy.cpp
-- /builds/build-arch/src/Gui/ViewProviderExtensionPy.cpp
-- /builds/build-arch/src/Gui/WorkbenchPy.cpp
-- /builds/build-arch/src/Gui/SelectionObjectPy.cpp
-- /builds/build-arch/src/Gui/LinkViewPy.cpp
-- /builds/build-arch/src/Gui/ViewProviderLinkPy.cpp
-- /builds/build-arch/src/Gui/AxisOriginPy.cpp
-- /builds/build-arch/src/Gui/CommandPy.cpp
-- 
==============
Summary report
==============

-- Build type:          
-- Compiler:            /usr/sbin/c++ (11.1.0)
-- Flags:               -Wall -Wextra -Wno-write-strings 
-- Standard:            Requires C++17
-- Python:              3.9.5 [/usr/sbin/python3.9] [.cpython-39-x86_64-linux-gnu]
-- PCL:                 not enabled
-- pybind11:            not enabled
-- Boost:               1.76.0 (1.76.0)
-- XercesC:             3.2.3 [/usr/lib/libxerces-c.so] [/usr/include]
-- ZLIB:                1.2.11
-- PyCXX:               6.2.8 [/builds/freecad-source/src]
-- OCC:                 7.5.0 [TKFillet;TKMesh;TKernel;TKG2d;TKG3d;TKMath;TKIGES;TKSTL;TKShHealing;TKXSBase;TKBool;TKBO;TKBRep;TKTopAlgo;TKGeomAlgo;TKGeomBase;TKOffset;TKPrim;TKSTEPBase;TKSTEPAttr;TKSTEP209;TKSTEP;TKHLR;TKFeat] [/usr/lib] [/usr/include/opencascade]
-- SMESH:               build internal
--  MEDFile:            4.1.0 [/usr/lib/libmedC.so;/usr/lib/libmed.so] [/usr/include]
--  HDF5:               1.12.0
--  VTK:                8.2.0
-- NETGEN:              not enabled
-- SWIG:                4.0.2
-- Eigen3               3.3.9
-- Qt5Core:             5.15.2
-- Qt5Network:          5.15.2
-- Qt5Xml:              5.15.2
-- Qt5XmlPatterns:      5.15.2
-- Qt5Widgets:          5.15.2
-- Qt5PrintSupport:     5.15.2
-- Qt5OpenGL:           5.15.2
-- Qt5Svg:              5.15.2
-- Qt5UiTools:          5.15.2
-- Qt5Concurrent:       5.15.2
-- Qt5WebKitWidgets:    5.212.0
-- Shiboken2:           5.15.2 [/usr/lib64/cmake/Shiboken2-5.15.2] [/usr/include/shiboken2;/usr/include/python3.9]
-- PySide2:             5.15.2 [/usr/include/PySide2]
-- PySide2Tools:        [/usr/sbin/uic-qt5] [/usr/sbin/rcc-qt5]
-- Freetype:            2.10.4
-- OpenGL:              /usr/lib/libGL.so
-- OpenGLU:             [/usr/lib/libGLU.so][/usr/include]
-- Coin3D:              4.0.1 [/usr/lib/libCoin.so] [/usr/include]
-- Pivy:                0.6.5
-- SPNAV:               [/usr/lib/libspnav.so] [/usr/include]
-- Matplotlib:          3.4.2
-- Rift:                not enabled (BUILD_VR)
-- Doxygen:             1.9.1
--  Language:           English
--  Coin3D_DOC:         not found
=================================================
Now run 'cmake --build /builds/build-arch' to build FreeCAD
=================================================

-- Configuring done
-- Generating done
-- Build files have been written to: /builds/build-arch
